#
# A fatal error has been detected by the Java Runtime Environment:
#
#  SIGSEGV (0xb) at pc=0x0000000104803864, pid=32876, tid=10243
#
# JRE version: Java(TM) SE Runtime Environment (15.0.2+7) (build 15.0.2+7-27)
# Java VM: Java HotSpot(TM) 64-Bit Server VM (15.0.2+7-27, mixed mode, sharing, tiered, compressed oops, g1 gc, bsd-amd64)
# Problematic frame:
# V  [libjvm.dylib+0x3864]  AccessInternal::PostRuntimeDispatch<G1BarrierSet::AccessBarrier<548980ull, G1BarrierSet>, (AccessInternal::BarrierType)2, 548980ull>::oop_access_barrier(void*)+0x4
#
# No core dump will be written. Core dumps have been disabled. To enable core dumping, try "ulimit -c unlimited" before starting Java again
#
# If you would like to submit a bug report, please visit:
#   https://bugreport.java.com/bugreport/crash.jsp
#

---------------  S U M M A R Y ------------

Command Line: -Dfile.encoding=UTF-8 -XX:+ShowCodeDetailsInExceptionMessages oracle.jdbc.driver.JavaToJavaConverter$99

Host: MacBookPro11,1 x86_64 2400 MHz, 4 cores, 8G, Darwin 20.6.0
Time: Wed Nov 10 08:52:10 2021 CET elapsed time: 0.319726 seconds (0d 0h 0m 0s)

---------------  T H R E A D  ---------------

Current thread (0x00007fa563009000):  JavaThread "main" [_thread_in_vm, id=10243, stack(0x000070000c7b9000,0x000070000c8b9000)]

Stack: [0x000070000c7b9000,0x000070000c8b9000],  sp=0x000070000c8b8df0,  free space=1023k
Native frames: (J=compiled Java code, A=aot compiled Java code, j=interpreted, Vv=VM code, C=native code)
V  [libjvm.dylib+0x3864]  AccessInternal::PostRuntimeDispatch<G1BarrierSet::AccessBarrier<548980ull, G1BarrierSet>, (AccessInternal::BarrierType)2, 548980ull>::oop_access_barrier(void*)+0x4
V  [libjvm.dylib+0x517425]  jni_GetStringUTFChars+0xc5
C  [libjli.dylib+0x79ed]  PostJVMInit+0xad
C  [libjli.dylib+0x4ed8]  JavaMain+0xbb8
C  [libjli.dylib+0x7659]  ThreadJavaMain+0x9
C  [libsystem_pthread.dylib+0x68fc]  _pthread_start+0xe0
C  [libsystem_pthread.dylib+0x2443]  thread_start+0xf


siginfo: si_signo: 11 (SIGSEGV), si_code: 1 (SEGV_MAPERR), si_addr: 0x0000000000000000

Register to memory mapping:

RAX=0x00000001024c4000 points into unknown readable memory: 0x0000000000000000 | 00 00 00 00 00 00 00 00
RBX=0x0 is NULL
RCX=0x00000001053b8f70: jni_NativeInterface+0 in /Library/Java/JavaVirtualMachines/jdk-15.0.2.jdk/Contents/Home/lib/server/libjvm.dylib at 0x0000000104800000
RDX=0x0 is NULL
RSP=0x000070000c8b8df0 is pointing into the stack for thread: 0x00007fa563009000
RBP=0x000070000c8b8df0 is pointing into the stack for thread: 0x00007fa563009000
RSI=0x0 is NULL
RDI=0x0 is NULL
R8 ={method} {0x000000080000e2b8} 'getCanonicalName' '()Ljava/lang/String;' in 'java/lang/Class'
R9 =0x00007fa562c05bf0 points into unknown readable memory: 0x000000080000e2b8 | b8 e2 00 00 08 00 00 00
R10=0x00000001054371c0: _ZN19TemplateInterpreter13_active_tableE+0x4800 in /Library/Java/JavaVirtualMachines/jdk-15.0.2.jdk/Contents/Home/lib/server/libjvm.dylib at 0x0000000104800000
R11=0x0 is NULL
R12=0x00007fa563009000 is a thread
R13=0x0 is NULL
R14=0x0 is NULL
R15=0x0 is NULL


Registers:
RAX=0x00000001024c4000, RBX=0x0000000000000000, RCX=0x00000001053b8f70, RDX=0x0000000000000000
RSP=0x000070000c8b8df0, RBP=0x000070000c8b8df0, RSI=0x0000000000000000, RDI=0x0000000000000000
R8 =0x000000080000e2b8, R9 =0x00007fa562c05bf0, R10=0x00000001054371c0, R11=0x0000000000000000
R12=0x00007fa563009000, R13=0x0000000000000000, R14=0x0000000000000000, R15=0x0000000000000000
RIP=0x0000000104803864, EFLAGS=0x0000000000010246, ERR=0x0000000000000004
  TRAPNO=0x000000000000000e

Top of Stack: (sp=0x000070000c8b8df0)
0x000070000c8b8df0:   000070000c8b8e80 0000000104d17425
0x000070000c8b8e00:   00007fa563009000 0000000000000000
0x000070000c8b8e10:   000000010249ab92 000000010249ab81
0x000070000c8b8e20:   892eb211ee6300ce 00007fa563009328
0x000070000c8b8e30:   00007fa563009000 0000000000000000
0x000070000c8b8e40:   0000000000000000 00007fa563009000
0x000070000c8b8e50:   000070000c8b8e80 00007fa563009328
0x000070000c8b8e60:   00007fa562c065a8 0000000000000000
0x000070000c8b8e70:   0000000000000000 00007fa562c065a0
0x000070000c8b8e80:   000070000c8b8f10 00000001024969ed
0x000070000c8b8e90:   00007fa563009328 00007fa563009000
0x000070000c8b8ea0:   000070000c8b8ed0 0000000104d0424f
0x000070000c8b8eb0:   892eb211ee6300ce 00007fa562c06588
0x000070000c8b8ec0:   00007fa562c065a8 0000000000000000
0x000070000c8b8ed0:   00007fa563009328 00007fa563009000
0x000070000c8b8ee0:   000070000c8b8f10 892eb211ee6300ce
0x000070000c8b8ef0:   00007fa562c06588 00007fa562c065a8
0x000070000c8b8f00:   00007fa562c065b8 00007fa562c065a0
0x000070000c8b8f10:   000070000c8b8fa0 0000000102493ed8
0x000070000c8b8f20:   0000000000000000 0005d06a80d51c4a
0x000070000c8b8f30:   0000000500010002 00007fa562d0ec60
0x000070000c8b8f40:   0000000000000000 0000000000000000
0x000070000c8b8f50:   00007fa562f042d0 0000000000000001
0x000070000c8b8f60:   00007fa562f04250 00007fa563009328
0x000070000c8b8f70:   00000001053b8f68 000070000c8b9000
0x000070000c8b8f80:   0000000000000000 0000000000000000
0x000070000c8b8f90:   0000000000000000 0000000000000000
0x000070000c8b8fa0:   000070000c8b8fb0 0000000102496659
0x000070000c8b8fb0:   000070000c8b8fd0 00007fff203a88fc
0x000070000c8b8fc0:   0000000000000000 0000000000000000
0x000070000c8b8fd0:   000070000c8b8ff0 00007fff203a4443
0x000070000c8b8fe0:   0000000000000000 0000000000000000 

Instructions: (pc=0x0000000104803864)
0x0000000104803764:   ff 0b 73 0e 48 63 c7 48 8d 0d 2e 8b ae 00 8b 04
0x0000000104803774:   81 c3 55 48 89 e5 48 8d 3d 93 a0 a6 00 be 9c 00
0x0000000104803784:   00 00 e8 a5 be 2f 00 e8 40 4c 82 00 31 c0 5d c3
0x0000000104803794:   66 66 66 2e 0f 1f 84 00 00 00 00 00 55 48 89 e5
0x00000001048037a4:   48 8b 47 08 0f b7 48 32 0f b7 40 30 8d 44 01 19
0x00000001048037b4:   5d c3 66 2e 0f 1f 84 00 00 00 00 00 55 48 89 e5
0x00000001048037c4:   53 50 48 89 fb 48 8d 0d 68 58 c1 00 48 8d 05 49
0x00000001048037d4:   9f be 00 48 8b 00 8b 40 10 ff c8 80 39 00 74 10
0x00000001048037e4:   83 f8 04 73 1f 48 98 48 8d 0d ee e0 b0 00 eb 0e
0x00000001048037f4:   83 f8 04 73 0f 48 98 48 8d 0d fe e0 b0 00 48 8b
0x0000000104803804:   04 c1 eb 21 48 8d 3d 3c a0 a6 00 48 8d 15 65 a0
0x0000000104803814:   a6 00 be e8 00 00 00 31 c0 e8 0e bc 2f 00 e8 a9
0x0000000104803824:   4b 82 00 31 c0 48 89 05 00 1f bb 00 48 89 df 48
0x0000000104803834:   83 c4 08 5b 5d ff e0 0f 1f 44 00 00 55 48 89 e5
0x0000000104803844:   48 8b 07 5d c3 0f 1f 80 00 00 00 00 55 48 89 e5
0x0000000104803854:   48 8b 07 5d c3 0f 1f 80 00 00 00 00 55 48 89 e5
0x0000000104803864:   48 8b 07 5d c3 0f 1f 80 00 00 00 00 55 48 89 e5
0x0000000104803874:   41 57 41 56 53 50 49 89 fe 49 8b 1e 4c 8d 3d b1
0x0000000104803884:   74 c4 00 49 85 1f 74 3c 48 89 df e8 0c 3e a3 00
0x0000000104803894:   48 89 c1 48 85 c9 74 29 48 89 d8 f0 49 0f b1 0e
0x00000001048038a4:   48 89 c2 48 39 da 74 19 0f 1f 40 00 49 85 17 74
0x00000001048038b4:   10 48 89 d0 f0 49 0f b1 0e 48 39 d0 48 89 c2 75
0x00000001048038c4:   eb 48 89 cb 48 89 d8 48 83 c4 08 5b 41 5e 41 5f
0x00000001048038d4:   5d c3 66 2e 0f 1f 84 00 00 00 00 00 55 48 89 e5
0x00000001048038e4:   48 8b 07 5d c3 0f 1f 80 00 00 00 00 55 48 89 e5
0x00000001048038f4:   48 8b 07 5d c3 0f 1f 80 00 00 00 00 55 48 89 e5
0x0000000104803904:   48 8b 07 5d c3 0f 1f 80 00 00 00 00 55 48 89 e5
0x0000000104803914:   41 57 41 56 53 50 49 89 fe 49 8b 1e 4c 8d 3d 11
0x0000000104803924:   74 c4 00 49 85 1f 74 3c 48 89 df e8 6c 3d a3 00
0x0000000104803934:   48 89 c1 48 85 c9 74 29 48 89 d8 f0 49 0f b1 0e
0x0000000104803944:   48 89 c2 48 39 da 74 19 0f 1f 40 00 49 85 17 74
0x0000000104803954:   10 48 89 d0 f0 49 0f b1 0e 48 39 d0 48 89 c2 75 


Stack slot to memory mapping:
stack at sp + 0 slots: 0x000070000c8b8e80 is pointing into the stack for thread: 0x00007fa563009000
stack at sp + 1 slots: 0x0000000104d17425: jni_GetStringUTFChars+0xc5 in /Library/Java/JavaVirtualMachines/jdk-15.0.2.jdk/Contents/Home/lib/server/libjvm.dylib at 0x0000000104800000
stack at sp + 2 slots: 0x00007fa563009000 is a thread
stack at sp + 3 slots: 0x0 is NULL
stack at sp + 4 slots: 0x000000010249ab92: JLI_WildcardExpandClasspath+0x2282 in /Library/Java/JavaVirtualMachines/jdk-15.0.2.jdk/Contents/Home/lib/libjli.dylib at 0x000000010248f000
stack at sp + 5 slots: 0x000000010249ab81: JLI_WildcardExpandClasspath+0x2271 in /Library/Java/JavaVirtualMachines/jdk-15.0.2.jdk/Contents/Home/lib/libjli.dylib at 0x000000010248f000
stack at sp + 6 slots: 0x892eb211ee6300ce is an unknown value
stack at sp + 7 slots: 0x00007fa563009328 points into unknown readable memory: 0x00000001053b8f70 | 70 8f 3b 05 01 00 00 00


---------------  P R O C E S S  ---------------

Threads class SMR info:
_java_thread_list=0x00007fa562d3edf0, length=10, elements={
0x00007fa563009000, 0x00007fa563830600, 0x00007fa563832e00, 0x00007fa564010a00,
0x00007fa563837800, 0x00007fa563832600, 0x00007fa563009c00, 0x00007fa564814400,
0x00007fa56383e800, 0x00007fa56383ee00
}

Java Threads: ( => current thread )
=>0x00007fa563009000 JavaThread "main" [_thread_in_vm, id=10243, stack(0x000070000c7b9000,0x000070000c8b9000)]
  0x00007fa563830600 JavaThread "Reference Handler" daemon [_thread_blocked, id=13571, stack(0x000070000cece000,0x000070000cfce000)]
  0x00007fa563832e00 JavaThread "Finalizer" daemon [_thread_blocked, id=14339, stack(0x000070000cfd1000,0x000070000d0d1000)]
  0x00007fa564010a00 JavaThread "Signal Dispatcher" daemon [_thread_blocked, id=42499, stack(0x000070000d1da000,0x000070000d2da000)]
  0x00007fa563837800 JavaThread "Service Thread" daemon [_thread_blocked, id=23043, stack(0x000070000d2dd000,0x000070000d3dd000)]
  0x00007fa563832600 JavaThread "C2 CompilerThread0" daemon [_thread_blocked, id=24067, stack(0x000070000d3e0000,0x000070000d4e0000)]
  0x00007fa563009c00 JavaThread "C1 CompilerThread0" daemon [_thread_blocked, id=41475, stack(0x000070000d4e3000,0x000070000d5e3000)]
  0x00007fa564814400 JavaThread "Sweeper thread" daemon [_thread_blocked, id=41219, stack(0x000070000d5e6000,0x000070000d6e6000)]
  0x00007fa56383e800 JavaThread "Notification Thread" daemon [_thread_blocked, id=40707, stack(0x000070000d6e9000,0x000070000d7e9000)]
  0x00007fa56383ee00 JavaThread "Common-Cleaner" daemon [_thread_blocked, id=39683, stack(0x000070000d8ef000,0x000070000d9ef000)]

Other Threads:
  0x00007fa562e34ac0 VMThread "VM Thread" [stack: 0x000070000cdcb000,0x000070000cecb000] [id=17155]
  0x00007fa562c1a1d0 WatcherThread [stack: 0x000070000d7ec000,0x000070000d8ec000] [id=26115]
  0x00007fa562e14240 GCTaskThread "GC Thread#0" [stack: 0x000070000c8bc000,0x000070000c9bc000] [id=19203]
  0x00007fa562e153f0 ConcurrentGCThread "G1 Main Marker" [stack: 0x000070000c9bf000,0x000070000cabf000] [id=12035]
  0x00007fa562e164f0 ConcurrentGCThread "G1 Conc#0" [stack: 0x000070000cac2000,0x000070000cbc2000] [id=17923]
  0x00007fa562e31f20 ConcurrentGCThread "G1 Refine#0" [stack: 0x000070000cbc5000,0x000070000ccc5000] [id=12547]
  0x00007fa562d17400 ConcurrentGCThread "G1 Young RemSet Sampling" [stack: 0x000070000ccc8000,0x000070000cdc8000] [id=13059]

Threads with active compile tasks:

VM state: not at safepoint (normal execution)

VM Mutex/Monitor currently owned by a thread: None

Heap address: 0x0000000780000000, size: 2048 MB, Compressed Oops mode: Zero based, Oop shift amount: 3
CDS archive(s) mapped at: [0x0000000800000000-0x0000000800b2d000-0x0000000800b2d000), size 11718656, SharedBaseAddress: 0x0000000800000000, ArchiveRelocationMode: 0.
Compressed class space mapped at: 0x0000000800b30000-0x0000000840b30000, size: 1073741824
Narrow klass base: 0x0000000800000000, Narrow klass shift: 3, Narrow klass range: 0x100000000

GC Precious Log:
 CPUs: 4 total, 4 available
 Memory: 8192M
 Large Page Support: Disabled
 NUMA Support: Disabled
 Compressed Oops: Enabled (Zero based)
 Heap Region Size: 1M
 Heap Min Capacity: 8M
 Heap Initial Capacity: 128M
 Heap Max Capacity: 2G
 Pre-touch: Disabled
 Parallel Workers: 4
 Concurrent Workers: 1
 Concurrent Refinement Workers: 4
 Periodic GC: Disabled

Heap:
 garbage-first heap   total 133120K, used 1832K [0x0000000780000000, 0x0000000800000000)
  region size 1024K, 2 young (2048K), 0 survivors (0K)
 Metaspace       used 592K, capacity 4922K, committed 5120K, reserved 1056768K
  class space    used 34K, capacity 422K, committed 512K, reserved 1048576K

Heap Regions: E=young(eden), S=young(survivor), O=old, HS=humongous(starts), HC=humongous(continues), CS=collection set, F=free, OA=open archive, CA=closed archive, TAMS=top-at-mark-start (previous, next)
|   0|0x0000000780000000, 0x0000000780000000, 0x0000000780100000|  0%| F|  |TAMS 0x0000000780000000, 0x0000000780000000| Untracked 
|   1|0x0000000780100000, 0x0000000780100000, 0x0000000780200000|  0%| F|  |TAMS 0x0000000780100000, 0x0000000780100000| Untracked 
|   2|0x0000000780200000, 0x0000000780200000, 0x0000000780300000|  0%| F|  |TAMS 0x0000000780200000, 0x0000000780200000| Untracked 
|   3|0x0000000780300000, 0x0000000780300000, 0x0000000780400000|  0%| F|  |TAMS 0x0000000780300000, 0x0000000780300000| Untracked 
|   4|0x0000000780400000, 0x0000000780400000, 0x0000000780500000|  0%| F|  |TAMS 0x0000000780400000, 0x0000000780400000| Untracked 
|   5|0x0000000780500000, 0x0000000780500000, 0x0000000780600000|  0%| F|  |TAMS 0x0000000780500000, 0x0000000780500000| Untracked 
|   6|0x0000000780600000, 0x0000000780600000, 0x0000000780700000|  0%| F|  |TAMS 0x0000000780600000, 0x0000000780600000| Untracked 
|   7|0x0000000780700000, 0x0000000780700000, 0x0000000780800000|  0%| F|  |TAMS 0x0000000780700000, 0x0000000780700000| Untracked 
|   8|0x0000000780800000, 0x0000000780800000, 0x0000000780900000|  0%| F|  |TAMS 0x0000000780800000, 0x0000000780800000| Untracked 
|   9|0x0000000780900000, 0x0000000780900000, 0x0000000780a00000|  0%| F|  |TAMS 0x0000000780900000, 0x0000000780900000| Untracked 
|  10|0x0000000780a00000, 0x0000000780a00000, 0x0000000780b00000|  0%| F|  |TAMS 0x0000000780a00000, 0x0000000780a00000| Untracked 
|  11|0x0000000780b00000, 0x0000000780b00000, 0x0000000780c00000|  0%| F|  |TAMS 0x0000000780b00000, 0x0000000780b00000| Untracked 
|  12|0x0000000780c00000, 0x0000000780c00000, 0x0000000780d00000|  0%| F|  |TAMS 0x0000000780c00000, 0x0000000780c00000| Untracked 
|  13|0x0000000780d00000, 0x0000000780d00000, 0x0000000780e00000|  0%| F|  |TAMS 0x0000000780d00000, 0x0000000780d00000| Untracked 
|  14|0x0000000780e00000, 0x0000000780e00000, 0x0000000780f00000|  0%| F|  |TAMS 0x0000000780e00000, 0x0000000780e00000| Untracked 
|  15|0x0000000780f00000, 0x0000000780f00000, 0x0000000781000000|  0%| F|  |TAMS 0x0000000780f00000, 0x0000000780f00000| Untracked 
|  16|0x0000000781000000, 0x0000000781000000, 0x0000000781100000|  0%| F|  |TAMS 0x0000000781000000, 0x0000000781000000| Untracked 
|  17|0x0000000781100000, 0x0000000781100000, 0x0000000781200000|  0%| F|  |TAMS 0x0000000781100000, 0x0000000781100000| Untracked 
|  18|0x0000000781200000, 0x0000000781200000, 0x0000000781300000|  0%| F|  |TAMS 0x0000000781200000, 0x0000000781200000| Untracked 
|  19|0x0000000781300000, 0x0000000781300000, 0x0000000781400000|  0%| F|  |TAMS 0x0000000781300000, 0x0000000781300000| Untracked 
|  20|0x0000000781400000, 0x0000000781400000, 0x0000000781500000|  0%| F|  |TAMS 0x0000000781400000, 0x0000000781400000| Untracked 
|  21|0x0000000781500000, 0x0000000781500000, 0x0000000781600000|  0%| F|  |TAMS 0x0000000781500000, 0x0000000781500000| Untracked 
|  22|0x0000000781600000, 0x0000000781600000, 0x0000000781700000|  0%| F|  |TAMS 0x0000000781600000, 0x0000000781600000| Untracked 
|  23|0x0000000781700000, 0x0000000781700000, 0x0000000781800000|  0%| F|  |TAMS 0x0000000781700000, 0x0000000781700000| Untracked 
|  24|0x0000000781800000, 0x0000000781800000, 0x0000000781900000|  0%| F|  |TAMS 0x0000000781800000, 0x0000000781800000| Untracked 
|  25|0x0000000781900000, 0x0000000781900000, 0x0000000781a00000|  0%| F|  |TAMS 0x0000000781900000, 0x0000000781900000| Untracked 
|  26|0x0000000781a00000, 0x0000000781a00000, 0x0000000781b00000|  0%| F|  |TAMS 0x0000000781a00000, 0x0000000781a00000| Untracked 
|  27|0x0000000781b00000, 0x0000000781b00000, 0x0000000781c00000|  0%| F|  |TAMS 0x0000000781b00000, 0x0000000781b00000| Untracked 
|  28|0x0000000781c00000, 0x0000000781c00000, 0x0000000781d00000|  0%| F|  |TAMS 0x0000000781c00000, 0x0000000781c00000| Untracked 
|  29|0x0000000781d00000, 0x0000000781d00000, 0x0000000781e00000|  0%| F|  |TAMS 0x0000000781d00000, 0x0000000781d00000| Untracked 
|  30|0x0000000781e00000, 0x0000000781e00000, 0x0000000781f00000|  0%| F|  |TAMS 0x0000000781e00000, 0x0000000781e00000| Untracked 
|  31|0x0000000781f00000, 0x0000000781f00000, 0x0000000782000000|  0%| F|  |TAMS 0x0000000781f00000, 0x0000000781f00000| Untracked 
|  32|0x0000000782000000, 0x0000000782000000, 0x0000000782100000|  0%| F|  |TAMS 0x0000000782000000, 0x0000000782000000| Untracked 
|  33|0x0000000782100000, 0x0000000782100000, 0x0000000782200000|  0%| F|  |TAMS 0x0000000782100000, 0x0000000782100000| Untracked 
|  34|0x0000000782200000, 0x0000000782200000, 0x0000000782300000|  0%| F|  |TAMS 0x0000000782200000, 0x0000000782200000| Untracked 
|  35|0x0000000782300000, 0x0000000782300000, 0x0000000782400000|  0%| F|  |TAMS 0x0000000782300000, 0x0000000782300000| Untracked 
|  36|0x0000000782400000, 0x0000000782400000, 0x0000000782500000|  0%| F|  |TAMS 0x0000000782400000, 0x0000000782400000| Untracked 
|  37|0x0000000782500000, 0x0000000782500000, 0x0000000782600000|  0%| F|  |TAMS 0x0000000782500000, 0x0000000782500000| Untracked 
|  38|0x0000000782600000, 0x0000000782600000, 0x0000000782700000|  0%| F|  |TAMS 0x0000000782600000, 0x0000000782600000| Untracked 
|  39|0x0000000782700000, 0x0000000782700000, 0x0000000782800000|  0%| F|  |TAMS 0x0000000782700000, 0x0000000782700000| Untracked 
|  40|0x0000000782800000, 0x0000000782800000, 0x0000000782900000|  0%| F|  |TAMS 0x0000000782800000, 0x0000000782800000| Untracked 
|  41|0x0000000782900000, 0x0000000782900000, 0x0000000782a00000|  0%| F|  |TAMS 0x0000000782900000, 0x0000000782900000| Untracked 
|  42|0x0000000782a00000, 0x0000000782a00000, 0x0000000782b00000|  0%| F|  |TAMS 0x0000000782a00000, 0x0000000782a00000| Untracked 
|  43|0x0000000782b00000, 0x0000000782b00000, 0x0000000782c00000|  0%| F|  |TAMS 0x0000000782b00000, 0x0000000782b00000| Untracked 
|  44|0x0000000782c00000, 0x0000000782c00000, 0x0000000782d00000|  0%| F|  |TAMS 0x0000000782c00000, 0x0000000782c00000| Untracked 
|  45|0x0000000782d00000, 0x0000000782d00000, 0x0000000782e00000|  0%| F|  |TAMS 0x0000000782d00000, 0x0000000782d00000| Untracked 
|  46|0x0000000782e00000, 0x0000000782e00000, 0x0000000782f00000|  0%| F|  |TAMS 0x0000000782e00000, 0x0000000782e00000| Untracked 
|  47|0x0000000782f00000, 0x0000000782f00000, 0x0000000783000000|  0%| F|  |TAMS 0x0000000782f00000, 0x0000000782f00000| Untracked 
|  48|0x0000000783000000, 0x0000000783000000, 0x0000000783100000|  0%| F|  |TAMS 0x0000000783000000, 0x0000000783000000| Untracked 
|  49|0x0000000783100000, 0x0000000783100000, 0x0000000783200000|  0%| F|  |TAMS 0x0000000783100000, 0x0000000783100000| Untracked 
|  50|0x0000000783200000, 0x0000000783200000, 0x0000000783300000|  0%| F|  |TAMS 0x0000000783200000, 0x0000000783200000| Untracked 
|  51|0x0000000783300000, 0x0000000783300000, 0x0000000783400000|  0%| F|  |TAMS 0x0000000783300000, 0x0000000783300000| Untracked 
|  52|0x0000000783400000, 0x0000000783400000, 0x0000000783500000|  0%| F|  |TAMS 0x0000000783400000, 0x0000000783400000| Untracked 
|  53|0x0000000783500000, 0x0000000783500000, 0x0000000783600000|  0%| F|  |TAMS 0x0000000783500000, 0x0000000783500000| Untracked 
|  54|0x0000000783600000, 0x0000000783600000, 0x0000000783700000|  0%| F|  |TAMS 0x0000000783600000, 0x0000000783600000| Untracked 
|  55|0x0000000783700000, 0x0000000783700000, 0x0000000783800000|  0%| F|  |TAMS 0x0000000783700000, 0x0000000783700000| Untracked 
|  56|0x0000000783800000, 0x0000000783800000, 0x0000000783900000|  0%| F|  |TAMS 0x0000000783800000, 0x0000000783800000| Untracked 
|  57|0x0000000783900000, 0x0000000783900000, 0x0000000783a00000|  0%| F|  |TAMS 0x0000000783900000, 0x0000000783900000| Untracked 
|  58|0x0000000783a00000, 0x0000000783a00000, 0x0000000783b00000|  0%| F|  |TAMS 0x0000000783a00000, 0x0000000783a00000| Untracked 
|  59|0x0000000783b00000, 0x0000000783b00000, 0x0000000783c00000|  0%| F|  |TAMS 0x0000000783b00000, 0x0000000783b00000| Untracked 
|  60|0x0000000783c00000, 0x0000000783c00000, 0x0000000783d00000|  0%| F|  |TAMS 0x0000000783c00000, 0x0000000783c00000| Untracked 
|  61|0x0000000783d00000, 0x0000000783d00000, 0x0000000783e00000|  0%| F|  |TAMS 0x0000000783d00000, 0x0000000783d00000| Untracked 
|  62|0x0000000783e00000, 0x0000000783e00000, 0x0000000783f00000|  0%| F|  |TAMS 0x0000000783e00000, 0x0000000783e00000| Untracked 
|  63|0x0000000783f00000, 0x0000000783f00000, 0x0000000784000000|  0%| F|  |TAMS 0x0000000783f00000, 0x0000000783f00000| Untracked 
|  64|0x0000000784000000, 0x0000000784000000, 0x0000000784100000|  0%| F|  |TAMS 0x0000000784000000, 0x0000000784000000| Untracked 
|  65|0x0000000784100000, 0x0000000784100000, 0x0000000784200000|  0%| F|  |TAMS 0x0000000784100000, 0x0000000784100000| Untracked 
|  66|0x0000000784200000, 0x0000000784200000, 0x0000000784300000|  0%| F|  |TAMS 0x0000000784200000, 0x0000000784200000| Untracked 
|  67|0x0000000784300000, 0x0000000784300000, 0x0000000784400000|  0%| F|  |TAMS 0x0000000784300000, 0x0000000784300000| Untracked 
|  68|0x0000000784400000, 0x0000000784400000, 0x0000000784500000|  0%| F|  |TAMS 0x0000000784400000, 0x0000000784400000| Untracked 
|  69|0x0000000784500000, 0x0000000784500000, 0x0000000784600000|  0%| F|  |TAMS 0x0000000784500000, 0x0000000784500000| Untracked 
|  70|0x0000000784600000, 0x0000000784600000, 0x0000000784700000|  0%| F|  |TAMS 0x0000000784600000, 0x0000000784600000| Untracked 
|  71|0x0000000784700000, 0x0000000784700000, 0x0000000784800000|  0%| F|  |TAMS 0x0000000784700000, 0x0000000784700000| Untracked 
|  72|0x0000000784800000, 0x0000000784800000, 0x0000000784900000|  0%| F|  |TAMS 0x0000000784800000, 0x0000000784800000| Untracked 
|  73|0x0000000784900000, 0x0000000784900000, 0x0000000784a00000|  0%| F|  |TAMS 0x0000000784900000, 0x0000000784900000| Untracked 
|  74|0x0000000784a00000, 0x0000000784a00000, 0x0000000784b00000|  0%| F|  |TAMS 0x0000000784a00000, 0x0000000784a00000| Untracked 
|  75|0x0000000784b00000, 0x0000000784b00000, 0x0000000784c00000|  0%| F|  |TAMS 0x0000000784b00000, 0x0000000784b00000| Untracked 
|  76|0x0000000784c00000, 0x0000000784c00000, 0x0000000784d00000|  0%| F|  |TAMS 0x0000000784c00000, 0x0000000784c00000| Untracked 
|  77|0x0000000784d00000, 0x0000000784d00000, 0x0000000784e00000|  0%| F|  |TAMS 0x0000000784d00000, 0x0000000784d00000| Untracked 
|  78|0x0000000784e00000, 0x0000000784e00000, 0x0000000784f00000|  0%| F|  |TAMS 0x0000000784e00000, 0x0000000784e00000| Untracked 
|  79|0x0000000784f00000, 0x0000000784f00000, 0x0000000785000000|  0%| F|  |TAMS 0x0000000784f00000, 0x0000000784f00000| Untracked 
|  80|0x0000000785000000, 0x0000000785000000, 0x0000000785100000|  0%| F|  |TAMS 0x0000000785000000, 0x0000000785000000| Untracked 
|  81|0x0000000785100000, 0x0000000785100000, 0x0000000785200000|  0%| F|  |TAMS 0x0000000785100000, 0x0000000785100000| Untracked 
|  82|0x0000000785200000, 0x0000000785200000, 0x0000000785300000|  0%| F|  |TAMS 0x0000000785200000, 0x0000000785200000| Untracked 
|  83|0x0000000785300000, 0x0000000785300000, 0x0000000785400000|  0%| F|  |TAMS 0x0000000785300000, 0x0000000785300000| Untracked 
|  84|0x0000000785400000, 0x0000000785400000, 0x0000000785500000|  0%| F|  |TAMS 0x0000000785400000, 0x0000000785400000| Untracked 
|  85|0x0000000785500000, 0x0000000785500000, 0x0000000785600000|  0%| F|  |TAMS 0x0000000785500000, 0x0000000785500000| Untracked 
|  86|0x0000000785600000, 0x0000000785600000, 0x0000000785700000|  0%| F|  |TAMS 0x0000000785600000, 0x0000000785600000| Untracked 
|  87|0x0000000785700000, 0x0000000785700000, 0x0000000785800000|  0%| F|  |TAMS 0x0000000785700000, 0x0000000785700000| Untracked 
|  88|0x0000000785800000, 0x0000000785800000, 0x0000000785900000|  0%| F|  |TAMS 0x0000000785800000, 0x0000000785800000| Untracked 
|  89|0x0000000785900000, 0x0000000785900000, 0x0000000785a00000|  0%| F|  |TAMS 0x0000000785900000, 0x0000000785900000| Untracked 
|  90|0x0000000785a00000, 0x0000000785a00000, 0x0000000785b00000|  0%| F|  |TAMS 0x0000000785a00000, 0x0000000785a00000| Untracked 
|  91|0x0000000785b00000, 0x0000000785b00000, 0x0000000785c00000|  0%| F|  |TAMS 0x0000000785b00000, 0x0000000785b00000| Untracked 
|  92|0x0000000785c00000, 0x0000000785c00000, 0x0000000785d00000|  0%| F|  |TAMS 0x0000000785c00000, 0x0000000785c00000| Untracked 
|  93|0x0000000785d00000, 0x0000000785d00000, 0x0000000785e00000|  0%| F|  |TAMS 0x0000000785d00000, 0x0000000785d00000| Untracked 
|  94|0x0000000785e00000, 0x0000000785e00000, 0x0000000785f00000|  0%| F|  |TAMS 0x0000000785e00000, 0x0000000785e00000| Untracked 
|  95|0x0000000785f00000, 0x0000000785f00000, 0x0000000786000000|  0%| F|  |TAMS 0x0000000785f00000, 0x0000000785f00000| Untracked 
|  96|0x0000000786000000, 0x0000000786000000, 0x0000000786100000|  0%| F|  |TAMS 0x0000000786000000, 0x0000000786000000| Untracked 
|  97|0x0000000786100000, 0x0000000786100000, 0x0000000786200000|  0%| F|  |TAMS 0x0000000786100000, 0x0000000786100000| Untracked 
|  98|0x0000000786200000, 0x0000000786200000, 0x0000000786300000|  0%| F|  |TAMS 0x0000000786200000, 0x0000000786200000| Untracked 
|  99|0x0000000786300000, 0x0000000786300000, 0x0000000786400000|  0%| F|  |TAMS 0x0000000786300000, 0x0000000786300000| Untracked 
| 100|0x0000000786400000, 0x0000000786400000, 0x0000000786500000|  0%| F|  |TAMS 0x0000000786400000, 0x0000000786400000| Untracked 
| 101|0x0000000786500000, 0x0000000786500000, 0x0000000786600000|  0%| F|  |TAMS 0x0000000786500000, 0x0000000786500000| Untracked 
| 102|0x0000000786600000, 0x0000000786600000, 0x0000000786700000|  0%| F|  |TAMS 0x0000000786600000, 0x0000000786600000| Untracked 
| 103|0x0000000786700000, 0x0000000786700000, 0x0000000786800000|  0%| F|  |TAMS 0x0000000786700000, 0x0000000786700000| Untracked 
| 104|0x0000000786800000, 0x0000000786800000, 0x0000000786900000|  0%| F|  |TAMS 0x0000000786800000, 0x0000000786800000| Untracked 
| 105|0x0000000786900000, 0x0000000786900000, 0x0000000786a00000|  0%| F|  |TAMS 0x0000000786900000, 0x0000000786900000| Untracked 
| 106|0x0000000786a00000, 0x0000000786a00000, 0x0000000786b00000|  0%| F|  |TAMS 0x0000000786a00000, 0x0000000786a00000| Untracked 
| 107|0x0000000786b00000, 0x0000000786b00000, 0x0000000786c00000|  0%| F|  |TAMS 0x0000000786b00000, 0x0000000786b00000| Untracked 
| 108|0x0000000786c00000, 0x0000000786c00000, 0x0000000786d00000|  0%| F|  |TAMS 0x0000000786c00000, 0x0000000786c00000| Untracked 
| 109|0x0000000786d00000, 0x0000000786d00000, 0x0000000786e00000|  0%| F|  |TAMS 0x0000000786d00000, 0x0000000786d00000| Untracked 
| 110|0x0000000786e00000, 0x0000000786e00000, 0x0000000786f00000|  0%| F|  |TAMS 0x0000000786e00000, 0x0000000786e00000| Untracked 
| 111|0x0000000786f00000, 0x0000000786f00000, 0x0000000787000000|  0%| F|  |TAMS 0x0000000786f00000, 0x0000000786f00000| Untracked 
| 112|0x0000000787000000, 0x0000000787000000, 0x0000000787100000|  0%| F|  |TAMS 0x0000000787000000, 0x0000000787000000| Untracked 
| 113|0x0000000787100000, 0x0000000787100000, 0x0000000787200000|  0%| F|  |TAMS 0x0000000787100000, 0x0000000787100000| Untracked 
| 114|0x0000000787200000, 0x0000000787200000, 0x0000000787300000|  0%| F|  |TAMS 0x0000000787200000, 0x0000000787200000| Untracked 
| 115|0x0000000787300000, 0x0000000787300000, 0x0000000787400000|  0%| F|  |TAMS 0x0000000787300000, 0x0000000787300000| Untracked 
| 116|0x0000000787400000, 0x0000000787400000, 0x0000000787500000|  0%| F|  |TAMS 0x0000000787400000, 0x0000000787400000| Untracked 
| 117|0x0000000787500000, 0x0000000787500000, 0x0000000787600000|  0%| F|  |TAMS 0x0000000787500000, 0x0000000787500000| Untracked 
| 118|0x0000000787600000, 0x0000000787600000, 0x0000000787700000|  0%| F|  |TAMS 0x0000000787600000, 0x0000000787600000| Untracked 
| 119|0x0000000787700000, 0x0000000787700000, 0x0000000787800000|  0%| F|  |TAMS 0x0000000787700000, 0x0000000787700000| Untracked 
| 120|0x0000000787800000, 0x0000000787800000, 0x0000000787900000|  0%| F|  |TAMS 0x0000000787800000, 0x0000000787800000| Untracked 
| 121|0x0000000787900000, 0x0000000787900000, 0x0000000787a00000|  0%| F|  |TAMS 0x0000000787900000, 0x0000000787900000| Untracked 
| 122|0x0000000787a00000, 0x0000000787a00000, 0x0000000787b00000|  0%| F|  |TAMS 0x0000000787a00000, 0x0000000787a00000| Untracked 
| 123|0x0000000787b00000, 0x0000000787b00000, 0x0000000787c00000|  0%| F|  |TAMS 0x0000000787b00000, 0x0000000787b00000| Untracked 
| 124|0x0000000787c00000, 0x0000000787c00000, 0x0000000787d00000|  0%| F|  |TAMS 0x0000000787c00000, 0x0000000787c00000| Untracked 
| 125|0x0000000787d00000, 0x0000000787d00000, 0x0000000787e00000|  0%| F|  |TAMS 0x0000000787d00000, 0x0000000787d00000| Untracked 
| 126|0x0000000787e00000, 0x0000000787e594a8, 0x0000000787f00000| 34%| E|  |TAMS 0x0000000787e00000, 0x0000000787e00000| Complete 
| 127|0x0000000787f00000, 0x0000000788000000, 0x0000000788000000|100%| E|CS|TAMS 0x0000000787f00000, 0x0000000787f00000| Complete 
|1022|0x00000007bfe00000, 0x00000007bfe51000, 0x00000007bff00000| 31%|OA|  |TAMS 0x00000007bfe00000, 0x00000007bfe00000| Untracked 
|1023|0x00000007bff00000, 0x00000007bff79000, 0x00000007c0000000| 47%|CA|  |TAMS 0x00000007bff00000, 0x00000007bff00000| Untracked 

Card table byte_map: [0x000000010dcc0000,0x000000010e0c0000] _byte_map_base: 0x000000010a0c0000

Marking Bits (Prev, Next): (CMBitMap*) 0x00007fa564035810, (CMBitMap*) 0x00007fa564035850
 Prev Bits: [0x000000010e4c0000, 0x00000001104c0000)
 Next Bits: [0x000000011f888000, 0x0000000121888000)

Polling page: 0x00000001024c3000

Metaspace:

Usage:
  Non-class:      4.39 MB capacity,   557.72 KB ( 12%) used,     3.85 MB ( 88%) free+waste,   768 bytes ( <1%) overhead. 
      Class:    422.00 KB capacity,    34.51 KB (  8%) used,   387.18 KB ( 92%) free+waste,   320 bytes ( <1%) overhead. 
       Both:      4.81 MB capacity,   592.23 KB ( 12%) used,     4.23 MB ( 88%) free+waste,     1.06 KB ( <1%) overhead. 

Virtual space:
  Non-class space:        8.00 MB reserved,       4.50 MB ( 56%) committed 
      Class space:        1.00 GB reserved,     512.00 KB ( <1%) committed 
             Both:        1.01 GB reserved,       5.00 MB ( <1%) committed 

Chunk freelists:
   Non-Class:  12.00 KB
       Class:  26.00 KB
        Both:  38.00 KB

MaxMetaspaceSize: 17179869184.00 GB
CompressedClassSpaceSize: 1.00 GB

CodeHeap 'non-profiled nmethods': size=120032Kb used=19Kb max_used=19Kb free=120012Kb
 bounds [0x0000000118350000, 0x00000001185c0000, 0x000000011f888000]
CodeHeap 'profiled nmethods': size=120028Kb used=89Kb max_used=89Kb free=119938Kb
 bounds [0x0000000110e19000, 0x0000000111089000, 0x0000000118350000]
CodeHeap 'non-nmethods': size=5700Kb used=1065Kb max_used=1079Kb free=4634Kb
 bounds [0x0000000110888000, 0x0000000110af8000, 0x0000000110e19000]
 total_blobs=377 nmethods=80 adapters=211
 compilation: enabled
              stopped_count=0, restarted_count=0
 full_count=0

Compilation events (20 events):
Event: 0.290 Thread 0x00007fa563009c00   71       3       sun.nio.fs.UnixPath::checkNotNul (16 bytes)
Event: 0.290 Thread 0x00007fa563009c00 nmethod 71 0x0000000110e2c810 code [0x0000000110e2c9c0, 0x0000000110e2cb60]
Event: 0.293 Thread 0x00007fa563009c00   72       3       java.util.AbstractMap::<init> (5 bytes)
Event: 0.294 Thread 0x00007fa563009c00 nmethod 72 0x0000000110e2cc10 code [0x0000000110e2cda0, 0x0000000110e2cef0]
Event: 0.297 Thread 0x00007fa563009c00   73       3       java.lang.AbstractStringBuilder::isLatin1 (19 bytes)
Event: 0.298 Thread 0x00007fa563009c00 nmethod 73 0x0000000110e2cf90 code [0x0000000110e2d120, 0x0000000110e2d290]
Event: 0.299 Thread 0x00007fa563009c00   74       3       java.lang.ref.Reference::reachabilityFence (1 bytes)
Event: 0.299 Thread 0x00007fa563009c00 nmethod 74 0x0000000110e2d310 code [0x0000000110e2d4a0, 0x0000000110e2d570]
Event: 0.299 Thread 0x00007fa563009c00   75       3       java.nio.Buffer::checkSegment (17 bytes)
Event: 0.299 Thread 0x00007fa563009c00 nmethod 75 0x0000000110e2d610 code [0x0000000110e2d7a0, 0x0000000110e2d900]
Event: 0.299 Thread 0x00007fa563009c00   76       3       java.nio.Buffer::hasRemaining (17 bytes)
Event: 0.299 Thread 0x00007fa563009c00 nmethod 76 0x0000000110e2d990 code [0x0000000110e2db20, 0x0000000110e2dc70]
Event: 0.300 Thread 0x00007fa563009c00   77   !   3       java.nio.DirectByteBuffer::get (32 bytes)
Event: 0.300 Thread 0x00007fa563009c00 nmethod 77 0x0000000110e2dd10 code [0x0000000110e2df00, 0x0000000110e2e380]
Event: 0.301 Thread 0x00007fa563009c00   78       3       java.lang.StringLatin1::indexOf (61 bytes)
Event: 0.302 Thread 0x00007fa563009c00 nmethod 78 0x0000000110e2e610 code [0x0000000110e2e7c0, 0x0000000110e2eb70]
Event: 0.304 Thread 0x00007fa563009c00   79       3       java.lang.StringLatin1::hashCode (42 bytes)
Event: 0.305 Thread 0x00007fa563009c00 nmethod 79 0x0000000110e2ec90 code [0x0000000110e2ee20, 0x0000000110e2efd0]
Event: 0.306 Thread 0x00007fa563009c00   80       3       java.lang.String::getBytes (44 bytes)
Event: 0.307 Thread 0x00007fa563009c00 nmethod 80 0x0000000110e2f110 code [0x0000000110e2f2e0, 0x0000000110e2f5b0]

GC Heap History (0 events):
No events

Deoptimization events (0 events):
No events

Classes unloaded (0 events):
No events

Classes redefined (0 events):
No events

Internal exceptions (0 events):
No events

Events (20 events):
Event: 0.238 loading class java/nio/charset/CharsetDecoder
Event: 0.238 loading class java/nio/charset/CharsetDecoder done
Event: 0.238 loading class sun/nio/cs/UTF_8$Decoder done
Event: 0.246 Thread 0x00007fa56383ee00 Thread added: 0x00007fa56383ee00
Event: 0.246 Protecting memory [0x000070000d8ef000,0x000070000d8f3000] with protection modes 0
Event: 0.251 Loaded shared library /Library/Java/JavaVirtualMachines/jdk-15.0.2.jdk/Contents/Home/lib/libnio.dylib
Event: 0.267 Loaded shared library /Library/Java/JavaVirtualMachines/jdk-15.0.2.jdk/Contents/Home/lib/libzip.dylib
Event: 0.270 Executing VM operation: HandshakeAllThreads
Event: 0.270 Executing VM operation: HandshakeAllThreads done
Event: 0.279 loading class sun/security/util/ManifestEntryVerifier
Event: 0.280 loading class sun/security/util/ManifestEntryVerifier done
Event: 0.288 loading class jdk/internal/module/ModulePatcher$PatchedModuleReader
Event: 0.288 loading class jdk/internal/module/ModulePatcher$PatchedModuleReader done
Event: 0.291 Loaded shared library /Library/Java/JavaVirtualMachines/jdk-15.0.2.jdk/Contents/Home/lib/libjimage.dylib
Event: 0.292 loading class sun/net/www/protocol/jrt/Handler
Event: 0.292 loading class sun/net/www/protocol/jrt/Handler done
Event: 0.293 loading class java/lang/IllegalStateException
Event: 0.293 loading class java/lang/IllegalStateException done
Event: 0.311 loading class java/lang/Class$EnclosingMethodInfo
Event: 0.311 loading class java/lang/Class$EnclosingMethodInfo done


Dynamic libraries:
0x00007fff2a4b9000 	/usr/lib/libz.1.dylib
0x000000010248f000 	/Library/Java/JavaVirtualMachines/jdk-15.0.2.jdk/Contents/Home/lib/libjli.dylib
0x00007fff34eed000 	/System/Library/Frameworks/Cocoa.framework/Versions/A/Cocoa
0x00007fff22237000 	/System/Library/Frameworks/Security.framework/Versions/A/Security
0x00007fff330f5000 	/System/Library/Frameworks/ApplicationServices.framework/Versions/A/ApplicationServices
0x00007fff2a581000 	/usr/lib/libSystem.B.dylib
0x00007fff2a57b000 	/usr/lib/system/libcache.dylib
0x00007fff2a537000 	/usr/lib/system/libcommonCrypto.dylib
0x00007fff2a561000 	/usr/lib/system/libcompiler_rt.dylib
0x00007fff2a556000 	/usr/lib/system/libcopyfile.dylib
0x00007fff20130000 	/usr/lib/system/libcorecrypto.dylib
0x00007fff201fb000 	/usr/lib/system/libdispatch.dylib
0x00007fff203ae000 	/usr/lib/system/libdyld.dylib
0x00007fff2a572000 	/usr/lib/system/libkeymgr.dylib
0x00007fff2d985000 	/usr/lib/system/liblaunch.dylib
0x00007fff2a515000 	/usr/lib/system/libmacho.dylib
0x00007fff29d0d000 	/usr/lib/system/libquarantine.dylib
0x00007fff2a56f000 	/usr/lib/system/libremovefile.dylib
0x00007fff24c13000 	/usr/lib/system/libsystem_asl.dylib
0x00007fff200e0000 	/usr/lib/system/libsystem_blocks.dylib
0x00007fff2027d000 	/usr/lib/system/libsystem_c.dylib
0x00007fff2a569000 	/usr/lib/system/libsystem_collections.dylib
0x00007fff29013000 	/usr/lib/system/libsystem_configuration.dylib
0x00007fff282ff000 	/usr/lib/system/libsystem_containermanager.dylib
0x00007fff2a2b8000 	/usr/lib/system/libsystem_coreservices.dylib
0x00007fff227ef000 	/usr/lib/system/libsystem_darwin.dylib
0x00007fff2a573000 	/usr/lib/system/libsystem_dnssd.dylib
0x00007fff2027a000 	/usr/lib/system/libsystem_featureflags.dylib
0x00007fff203f4000 	/usr/lib/system/libsystem_info.dylib
0x00007fff2a4cc000 	/usr/lib/system/libsystem_m.dylib
0x00007fff201ce000 	/usr/lib/system/libsystem_malloc.dylib
0x00007fff24ba6000 	/usr/lib/system/libsystem_networkextension.dylib
0x00007fff22c0e000 	/usr/lib/system/libsystem_notify.dylib
0x00007fff2fe1c000 	/usr/lib/system/libsystem_product_info_filter.dylib
0x00007fff29017000 	/usr/lib/system/libsystem_sandbox.dylib
0x00007fff2a56c000 	/usr/lib/system/libsystem_secinit.dylib
0x00007fff20372000 	/usr/lib/system/libsystem_kernel.dylib
0x00007fff203ea000 	/usr/lib/system/libsystem_platform.dylib
0x00007fff203a2000 	/usr/lib/system/libsystem_pthread.dylib
0x00007fff262f0000 	/usr/lib/system/libsystem_symptoms.dylib
0x00007fff20118000 	/usr/lib/system/libsystem_trace.dylib
0x00007fff2a543000 	/usr/lib/system/libunwind.dylib
0x00007fff200e2000 	/usr/lib/system/libxpc.dylib
0x00007fff2035c000 	/usr/lib/libc++abi.dylib
0x00007fff20240000 	/usr/lib/libobjc.A.dylib
0x00007fff2a54e000 	/usr/lib/liboah.dylib
0x00007fff20306000 	/usr/lib/libc++.1.dylib
0x00007fff20420000 	/System/Library/Frameworks/CoreFoundation.framework/Versions/A/CoreFoundation
0x00007fff211cf000 	/System/Library/Frameworks/Foundation.framework/Versions/C/Foundation
0x00007fff22c68000 	/System/Library/Frameworks/AppKit.framework/Versions/C/AppKit
0x00007fff25b2c000 	/System/Library/Frameworks/CoreData.framework/Versions/A/CoreData
0x00007fff239b4000 	/System/Library/PrivateFrameworks/UIFoundation.framework/Versions/A/UIFoundation
0x00007fff2fbaf000 	/System/Library/PrivateFrameworks/RemoteViewServices.framework/Versions/A/RemoteViewServices
0x00007fff289c5000 	/System/Library/PrivateFrameworks/XCTTargetBootstrap.framework/Versions/A/XCTTargetBootstrap
0x00007fff2b6ab000 	/usr/lib/libspindump.dylib
0x00007fff23c03000 	/System/Library/Frameworks/UniformTypeIdentifiers.framework/Versions/A/UniformTypeIdentifiers
0x00007fff271c9000 	/usr/lib/libapp_launch_measurement.dylib
0x00007fff271cc000 	/System/Library/PrivateFrameworks/CoreAutoLayout.framework/Versions/A/CoreAutoLayout
0x00007fff2832c000 	/System/Library/Frameworks/Metal.framework/Versions/A/Metal
0x00007fff29022000 	/usr/lib/liblangid.dylib
0x00007fff289c9000 	/System/Library/PrivateFrameworks/CoreSVG.framework/Versions/A/CoreSVG
0x00007fff24c43000 	/System/Library/PrivateFrameworks/SkyLight.framework/Versions/A/SkyLight
0x00007fff24fa9000 	/System/Library/Frameworks/CoreGraphics.framework/Versions/A/CoreGraphics
0x00007fff300d6000 	/System/Library/Frameworks/Accelerate.framework/Versions/A/Accelerate
0x00007fff2b0e9000 	/System/Library/PrivateFrameworks/IconServices.framework/Versions/A/IconServices
0x00007fff28310000 	/System/Library/Frameworks/IOSurface.framework/Versions/A/IOSurface
0x00007fff264b4000 	/usr/lib/libDiagnosticMessagesClient.dylib
0x00007fff289b1000 	/System/Library/PrivateFrameworks/DFRFoundation.framework/Versions/A/DFRFoundation
0x00007fff2258f000 	/usr/lib/libicucore.A.dylib
0x00007fff2cbee000 	/System/Library/Frameworks/AudioToolbox.framework/Versions/A/AudioToolbox
0x00007fff2be76000 	/System/Library/PrivateFrameworks/DataDetectorsCore.framework/Versions/A/DataDetectorsCore
0x00007fff24bb6000 	/usr/lib/libMobileGestalt.dylib
0x00007fff286b5000 	/System/Library/Frameworks/Carbon.framework/Versions/A/Frameworks/HIToolbox.framework/Versions/A/HIToolbox
0x00007fff26c0e000 	/System/Library/Frameworks/QuartzCore.framework/Versions/A/QuartzCore
0x00007fff2fbe7000 	/System/Library/Frameworks/Carbon.framework/Versions/A/Frameworks/SpeechRecognition.framework/Versions/A/SpeechRecognition
0x00007fff26f2e000 	/System/Library/PrivateFrameworks/CoreUI.framework/Versions/A/CoreUI
0x00007fff21ba5000 	/System/Library/Frameworks/CoreAudio.framework/Versions/A/CoreAudio
0x00007fff2659f000 	/System/Library/Frameworks/DiskArbitration.framework/Versions/A/DiskArbitration
0x00007fff2ba79000 	/System/Library/PrivateFrameworks/MultitouchSupport.framework/Versions/A/MultitouchSupport
0x00007fff2be6d000 	/System/Library/PrivateFrameworks/InternationalSupport.framework/Versions/A/InternationalSupport
0x00007fff24bb5000 	/usr/lib/libenergytrace.dylib
0x00007fff22b5f000 	/System/Library/Frameworks/IOKit.framework/Versions/A/IOKit
0x00007fff2ff1a000 	/System/Library/Frameworks/CoreServices.framework/Versions/A/CoreServices
0x00007fff2715b000 	/System/Library/PrivateFrameworks/PerformanceAnalysis.framework/Versions/A/PerformanceAnalysis
0x00007fff6ba87000 	/System/Library/Frameworks/OpenGL.framework/Versions/A/OpenGL
0x00007fff2bef1000 	/System/Library/PrivateFrameworks/UserActivity.framework/Versions/A/UserActivity
0x00007fff25633000 	/System/Library/Frameworks/ColorSync.framework/Versions/A/ColorSync
0x00007fff28c30000 	/System/Library/Frameworks/CoreImage.framework/Versions/A/CoreImage
0x00007fff219bf000 	/System/Library/Frameworks/CoreText.framework/Versions/A/CoreText
0x00007fff289f3000 	/System/Library/Frameworks/ImageIO.framework/Versions/A/ImageIO
0x00007fff2a587000 	/System/Library/PrivateFrameworks/SoftLinking.framework/Versions/A/SoftLinking
0x00007fff27214000 	/usr/lib/libxml2.2.dylib
0x00007fff2a7f8000 	/usr/lib/libcompression.dylib
0x00007fff2bd9f000 	/System/Library/PrivateFrameworks/TextureIO.framework/Versions/A/TextureIO
0x00007fff2ae27000 	/usr/lib/libate.dylib
0x00007fff2ac0c000 	/usr/lib/liblzma.5.dylib
0x00007fff20ee3000 	/System/Library/Frameworks/SystemConfiguration.framework/Versions/A/SystemConfiguration
0x00007fff2a583000 	/usr/lib/libfakelink.dylib
0x00007fff24707000 	/System/Library/Frameworks/CFNetwork.framework/Versions/A/CFNetwork
0x00007fff2a6c3000 	/usr/lib/libarchive.2.dylib
0x00007fff20f61000 	/usr/lib/libCRFSuite.dylib
0x00007fff29d34000 	/usr/lib/libbsm.0.dylib
0x00007fff24080000 	/usr/lib/libnetwork.dylib
0x00007fff2a588000 	/usr/lib/libpcap.A.dylib
0x00007fff262e9000 	/usr/lib/libdns_services.dylib
0x00007fff2ac25000 	/usr/lib/libcoretls_cfhelpers.dylib
0x00007fff2a7c2000 	/usr/lib/libapple_nghttp2.dylib
0x00007fff2a51b000 	/usr/lib/system/libkxld.dylib
0x00007fff25f62000 	/usr/lib/libsqlite3.dylib
0x00007fff2a29b000 	/System/Library/PrivateFrameworks/AppleFSCompression.framework/Versions/A/AppleFSCompression
0x00007fff29d1c000 	/usr/lib/libcoretls.dylib
0x00007fff2a7f3000 	/usr/lib/libpam.2.dylib
0x00007fff2ad23000 	/usr/lib/libxar.1.dylib
0x00007fff2901e000 	/System/Library/PrivateFrameworks/AppleSystemInfo.framework/Versions/A/AppleSystemInfo
0x00007fff2995e000 	/System/Library/PrivateFrameworks/IOMobileFramebuffer.framework/Versions/A/IOMobileFramebuffer
0x00007fff2a2ab000 	/usr/lib/libbz2.1.0.dylib
0x00007fff2a5c0000 	/usr/lib/libiconv.2.dylib
0x00007fff2a514000 	/usr/lib/libcharset.1.dylib
0x00007fff27197000 	/System/Library/Frameworks/CoreServices.framework/Versions/A/Frameworks/FSEvents.framework/Versions/A/FSEvents
0x00007fff227f9000 	/System/Library/Frameworks/CoreServices.framework/Versions/A/Frameworks/CarbonCore.framework/Versions/A/CarbonCore
0x00007fff26504000 	/System/Library/Frameworks/CoreServices.framework/Versions/A/Frameworks/Metadata.framework/Versions/A/Metadata
0x00007fff2a2bd000 	/System/Library/Frameworks/CoreServices.framework/Versions/A/Frameworks/OSServices.framework/Versions/A/OSServices
0x00007fff2a735000 	/System/Library/Frameworks/CoreServices.framework/Versions/A/Frameworks/SearchKit.framework/Versions/A/SearchKit
0x00007fff26274000 	/System/Library/Frameworks/CoreServices.framework/Versions/A/Frameworks/AE.framework/Versions/A/AE
0x00007fff208be000 	/System/Library/Frameworks/CoreServices.framework/Versions/A/Frameworks/LaunchServices.framework/Versions/A/LaunchServices
0x00007fff2abbc000 	/System/Library/Frameworks/CoreServices.framework/Versions/A/Frameworks/DictionaryServices.framework/Versions/A/DictionaryServices
0x00007fff271a4000 	/System/Library/Frameworks/CoreServices.framework/Versions/A/Frameworks/SharedFileList.framework/Versions/A/SharedFileList
0x00007fff29d10000 	/usr/lib/libCheckFix.dylib
0x00007fff24c2a000 	/System/Library/PrivateFrameworks/TCC.framework/Versions/A/TCC
0x00007fff29024000 	/System/Library/PrivateFrameworks/CoreNLP.framework/Versions/A/CoreNLP
0x00007fff264b7000 	/System/Library/PrivateFrameworks/MetadataUtilities.framework/Versions/A/MetadataUtilities
0x00007fff20f96000 	/usr/lib/libmecabra.dylib
0x00007fff2a01a000 	/System/Library/Frameworks/MLCompute.framework/Versions/A/MLCompute
0x00007fff29d45000 	/usr/lib/libmecab.dylib
0x00007fff29d8f000 	/usr/lib/libgermantok.dylib
0x00007fff2a79d000 	/usr/lib/libThaiTokenizer.dylib
0x00007fff2ad5e000 	/usr/lib/libChineseTokenizer.dylib
0x00007fff2a7f1000 	/System/Library/Frameworks/MetalPerformanceShaders.framework/Versions/A/MetalPerformanceShaders
0x00007fff265a6000 	/System/Library/Frameworks/Accelerate.framework/Versions/A/Frameworks/vImage.framework/Versions/A/vImage
0x00007fff2fef4000 	/System/Library/Frameworks/Accelerate.framework/Versions/A/Frameworks/vecLib.framework/Versions/A/vecLib
0x00007fff2ad69000 	/System/Library/Frameworks/Accelerate.framework/Versions/A/Frameworks/vecLib.framework/Versions/A/libvMisc.dylib
0x00007fff29779000 	/System/Library/Frameworks/Accelerate.framework/Versions/A/Frameworks/vecLib.framework/Versions/A/libvDSP.dylib
0x00007fff20bc9000 	/System/Library/Frameworks/Accelerate.framework/Versions/A/Frameworks/vecLib.framework/Versions/A/libBLAS.dylib
0x00007fff2a81e000 	/System/Library/Frameworks/Accelerate.framework/Versions/A/Frameworks/vecLib.framework/Versions/A/libLAPACK.dylib
0x00007fff29d95000 	/System/Library/Frameworks/Accelerate.framework/Versions/A/Frameworks/vecLib.framework/Versions/A/libLinearAlgebra.dylib
0x00007fff2a7da000 	/System/Library/Frameworks/Accelerate.framework/Versions/A/Frameworks/vecLib.framework/Versions/A/libSparseBLAS.dylib
0x00007fff2a818000 	/System/Library/Frameworks/Accelerate.framework/Versions/A/Frameworks/vecLib.framework/Versions/A/libQuadrature.dylib
0x00007fff290d0000 	/System/Library/Frameworks/Accelerate.framework/Versions/A/Frameworks/vecLib.framework/Versions/A/libBNNS.dylib
0x00007fff20e74000 	/System/Library/Frameworks/Accelerate.framework/Versions/A/Frameworks/vecLib.framework/Versions/A/libSparse.dylib
0x00007fff28fac000 	/System/Library/Frameworks/MetalPerformanceShaders.framework/Versions/A/Frameworks/MPSCore.framework/Versions/A/MPSCore
0x00007fff2a20a000 	/System/Library/Frameworks/MetalPerformanceShaders.framework/Versions/A/Frameworks/MPSImage.framework/Versions/A/MPSImage
0x00007fff29dab000 	/System/Library/Frameworks/MetalPerformanceShaders.framework/Versions/A/Frameworks/MPSNeuralNetwork.framework/Versions/A/MPSNeuralNetwork
0x00007fff2a17c000 	/System/Library/Frameworks/MetalPerformanceShaders.framework/Versions/A/Frameworks/MPSMatrix.framework/Versions/A/MPSMatrix
0x00007fff29fca000 	/System/Library/Frameworks/MetalPerformanceShaders.framework/Versions/A/Frameworks/MPSRayIntersector.framework/Versions/A/MPSRayIntersector
0x00007fff2a1b3000 	/System/Library/Frameworks/MetalPerformanceShaders.framework/Versions/A/Frameworks/MPSNDArray.framework/Versions/A/MPSNDArray
0x00007fff20af4000 	/System/Library/PrivateFrameworks/MetalTools.framework/Versions/A/MetalTools
0x00007fff2901c000 	/System/Library/PrivateFrameworks/AggregateDictionary.framework/Versions/A/AggregateDictionary
0x00007fff26484000 	/System/Library/PrivateFrameworks/CoreAnalytics.framework/Versions/A/CoreAnalytics
0x00007fff2a79f000 	/System/Library/PrivateFrameworks/AppleSauce.framework/Versions/A/AppleSauce
0x00007fff28322000 	/System/Library/PrivateFrameworks/IOAccelerator.framework/Versions/A/IOAccelerator
0x00007fff6ba7b000 	/System/Library/Frameworks/OpenGL.framework/Versions/A/Libraries/libCoreFSCache.dylib
0x00007fff2152e000 	/System/Library/PrivateFrameworks/LanguageModeling.framework/Versions/A/LanguageModeling
0x00007fff2994c000 	/System/Library/PrivateFrameworks/CoreEmoji.framework/Versions/A/CoreEmoji
0x00007fff290c9000 	/System/Library/PrivateFrameworks/LinguisticData.framework/Versions/A/LinguisticData
0x00007fff20e26000 	/System/Library/PrivateFrameworks/Lexicon.framework/Versions/A/Lexicon
0x00007fff2a6b1000 	/usr/lib/libcmph.dylib
0x00007fff27177000 	/System/Library/Frameworks/OpenDirectory.framework/Versions/A/Frameworks/CFOpenDirectory.framework/Versions/A/CFOpenDirectory
0x00007fff27167000 	/System/Library/Frameworks/OpenDirectory.framework/Versions/A/OpenDirectory
0x00007fff2ac27000 	/System/Library/PrivateFrameworks/APFS.framework/Versions/A/APFS
0x00007fff29c72000 	/System/Library/Frameworks/SecurityFoundation.framework/Versions/A/SecurityFoundation
0x00007fff2ad31000 	/usr/lib/libutil.dylib
0x00007fff22b24000 	/System/Library/PrivateFrameworks/CoreServicesStore.framework/Versions/A/CoreServicesStore
0x00007fff29d08000 	/System/Library/Frameworks/ServiceManagement.framework/Versions/A/ServiceManagement
0x00007fff2ad35000 	/usr/lib/libxslt.1.dylib
0x00007fff29cfe000 	/System/Library/PrivateFrameworks/BackgroundTaskManagement.framework/Versions/A/BackgroundTaskManagement
0x00007fff2bce9000 	/System/Library/Frameworks/ImageIO.framework/Versions/A/Resources/libRadiance.dylib
0x00007fff2bcf3000 	/System/Library/Frameworks/ImageIO.framework/Versions/A/Resources/libJPEG.dylib
0x00007fff2bc43000 	/System/Library/Frameworks/ImageIO.framework/Versions/A/Resources/libPng.dylib
0x00007fff2bc64000 	/System/Library/Frameworks/ImageIO.framework/Versions/A/Resources/libTIFF.dylib
0x00007fff2bd48000 	/System/Library/Frameworks/ImageIO.framework/Versions/A/Resources/libGIF.dylib
0x00007fff2b995000 	/System/Library/Frameworks/ImageIO.framework/Versions/A/Resources/libJP2.dylib
0x00007fff2b0b0000 	/usr/lib/libexpat.1.dylib
0x00007fff2b94b000 	/System/Library/PrivateFrameworks/AppleJPEG.framework/Versions/A/AppleJPEG
0x00007fff28558000 	/System/Library/PrivateFrameworks/FontServices.framework/libFontParser.dylib
0x00007fff2622b000 	/System/Library/PrivateFrameworks/RunningBoardServices.framework/Versions/A/RunningBoardServices
0x00007fff2ba75000 	/System/Library/PrivateFrameworks/WatchdogClient.framework/Versions/A/WatchdogClient
0x00007fff21617000 	/System/Library/Frameworks/CoreDisplay.framework/Versions/A/CoreDisplay
0x00007fff2846d000 	/System/Library/Frameworks/CoreMedia.framework/Versions/A/CoreMedia
0x00007fff272f7000 	/System/Library/Frameworks/CoreVideo.framework/Versions/A/CoreVideo
0x00007fff2bab0000 	/System/Library/Frameworks/VideoToolbox.framework/Versions/A/VideoToolbox
0x00007fff261ab000 	/System/Library/PrivateFrameworks/BaseBoard.framework/Versions/A/BaseBoard
0x00007fff2b1f5000 	/System/Library/PrivateFrameworks/PersistentConnection.framework/Versions/A/PersistentConnection
0x00007fff25f4c000 	/System/Library/PrivateFrameworks/ProtocolBuffer.framework/Versions/A/ProtocolBuffer
0x00007fff26193000 	/System/Library/PrivateFrameworks/CommonUtilities.framework/Versions/A/CommonUtilities
0x00007fff2b90e000 	/System/Library/PrivateFrameworks/Bom.framework/Versions/A/Bom
0x00007fff2bce1000 	/System/Library/PrivateFrameworks/GPUWrangler.framework/Versions/A/GPUWrangler
0x00007fff2bcc4000 	/System/Library/PrivateFrameworks/IOPresentment.framework/Versions/A/IOPresentment
0x00007fff2bced000 	/System/Library/PrivateFrameworks/DSExternalDisplay.framework/Versions/A/DSExternalDisplay
0x00007fff2bd4d000 	/System/Library/PrivateFrameworks/CMCaptureCore.framework/Versions/A/CMCaptureCore
0x00007fff2b691000 	/System/Library/PrivateFrameworks/AppServerSupport.framework/Versions/A/AppServerSupport
0x00007fff2d728000 	/System/Library/PrivateFrameworks/perfdata.framework/Versions/A/perfdata
0x00007fff29c61000 	/System/Library/PrivateFrameworks/AssertionServices.framework/Versions/A/AssertionServices
0x00007fff2174e000 	/System/Library/PrivateFrameworks/AudioToolboxCore.framework/Versions/A/AudioToolboxCore
0x00007fff28450000 	/System/Library/PrivateFrameworks/caulk.framework/Versions/A/caulk
0x00007fff3cbd4000 	/System/Library/PrivateFrameworks/SystemPolicy.framework/Versions/A/SystemPolicy
0x00007fff2aebf000 	/usr/lib/libIOReport.dylib
0x00007fff2cf64000 	/usr/lib/libSMC.dylib
0x00007fff2bc0f000 	/usr/lib/libAudioToolboxUtility.dylib
0x00007fff3d531000 	/usr/lib/libmis.dylib
0x00007fff6bad7000 	/System/Library/Frameworks/OpenGL.framework/Versions/A/Libraries/libGLU.dylib
0x00007fff6ba9a000 	/System/Library/Frameworks/OpenGL.framework/Versions/A/Libraries/libGFXShared.dylib
0x00007fff6bca8000 	/System/Library/Frameworks/OpenGL.framework/Versions/A/Libraries/libGL.dylib
0x00007fff6baa3000 	/System/Library/Frameworks/OpenGL.framework/Versions/A/Libraries/libGLImage.dylib
0x00007fff6ba97000 	/System/Library/Frameworks/OpenGL.framework/Versions/A/Libraries/libCVMSPluginSupport.dylib
0x00007fff6ba82000 	/System/Library/Frameworks/OpenGL.framework/Versions/A/Libraries/libCoreVMClient.dylib
0x00007fff6d0f2000 	/System/Library/Frameworks/OpenCL.framework/Versions/A/OpenCL
0x00007fff2b21e000 	/System/Library/PrivateFrameworks/GraphVisualizer.framework/Versions/A/GraphVisualizer
0x00007fff2b22d000 	/System/Library/PrivateFrameworks/FaceCore.framework/Versions/A/FaceCore
0x00007fff2b649000 	/System/Library/PrivateFrameworks/OTSVG.framework/Versions/A/OTSVG
0x00007fff26eec000 	/System/Library/Frameworks/ApplicationServices.framework/Versions/A/Frameworks/ATS.framework/Versions/A/Resources/libFontRegistry.dylib
0x00007fff2b698000 	/System/Library/PrivateFrameworks/FontServices.framework/libhvf.dylib
0x00007fff2b05c000 	/System/Library/PrivateFrameworks/AppleVA.framework/Versions/A/AppleVA
0x00007fff2cdac000 	/System/Library/Frameworks/ApplicationServices.framework/Versions/A/Frameworks/ATS.framework/Versions/A/ATS
0x00007fff2d0bf000 	/System/Library/Frameworks/ApplicationServices.framework/Versions/A/Frameworks/ColorSyncLegacy.framework/Versions/A/ColorSyncLegacy
0x00007fff2572a000 	/System/Library/Frameworks/ApplicationServices.framework/Versions/A/Frameworks/HIServices.framework/Versions/A/HIServices
0x00007fff2d0a4000 	/System/Library/Frameworks/ApplicationServices.framework/Versions/A/Frameworks/LangAnalysis.framework/Versions/A/LangAnalysis
0x00007fff2bd57000 	/System/Library/Frameworks/ApplicationServices.framework/Versions/A/Frameworks/PrintCore.framework/Versions/A/PrintCore
0x00007fff2d0c7000 	/System/Library/Frameworks/ApplicationServices.framework/Versions/A/Frameworks/QD.framework/Versions/A/QD
0x00007fff2cd9c000 	/System/Library/Frameworks/ApplicationServices.framework/Versions/A/Frameworks/SpeechSynthesis.framework/Versions/A/SpeechSynthesis
0x00007fff2bd18000 	/System/Library/Frameworks/ApplicationServices.framework/Versions/A/Frameworks/ATSUI.framework/Versions/A/ATSUI
0x00007fff2d044000 	/usr/lib/libcups.2.dylib
0x00007fff2d0b4000 	/System/Library/PrivateFrameworks/NetAuth.framework/Versions/A/NetAuth
0x00007fff2d743000 	/System/Library/Frameworks/Kerberos.framework/Versions/A/Kerberos
0x00007fff2d753000 	/System/Library/Frameworks/GSS.framework/Versions/A/GSS
0x00007fff2ce19000 	/usr/lib/libresolv.9.dylib
0x00007fff2b6ae000 	/System/Library/PrivateFrameworks/Heimdal.framework/Versions/A/Heimdal
0x00007fff3340a000 	/System/Library/Frameworks/Kerberos.framework/Versions/A/Libraries/libHeimdalProxy.dylib
0x00007fff262f8000 	/System/Library/Frameworks/Network.framework/Versions/A/Network
0x00007fff2b0ca000 	/usr/lib/libheimdal-asn1.dylib
0x00007fff2d7a4000 	/System/Library/PrivateFrameworks/CommonAuth.framework/Versions/A/CommonAuth
0x00007fff27345000 	/System/Library/PrivateFrameworks/login.framework/Versions/A/Frameworks/loginsupport.framework/Versions/A/loginsupport
0x00007fff2cd23000 	/System/Library/PrivateFrameworks/AudioSession.framework/Versions/A/AudioSession
0x00007fff2cd89000 	/usr/lib/libAudioStatistics.dylib
0x00007fff2b156000 	/System/Library/PrivateFrameworks/MediaExperience.framework/Versions/A/MediaExperience
0x00007fff2cbbc000 	/System/Library/PrivateFrameworks/AudioSession.framework/libSessionUtility.dylib
0x00007fff2d734000 	/usr/lib/libperfcheck.dylib
0x00007fff2d0d3000 	/System/Library/PrivateFrameworks/AudioResourceArbitration.framework/Versions/A/AudioResourceArbitration
0x00007fff2b0d4000 	/System/Library/PrivateFrameworks/IconFoundation.framework/Versions/A/IconFoundation
0x00007fff2fbd7000 	/System/Library/PrivateFrameworks/SpeechRecognitionCore.framework/Versions/A/SpeechRecognitionCore
0x0000000104800000 	/Library/Java/JavaVirtualMachines/jdk-15.0.2.jdk/Contents/Home/lib/server/libjvm.dylib
0x00000001024b7000 	/Library/Java/JavaVirtualMachines/jdk-15.0.2.jdk/Contents/Home/lib/libjimage.dylib
0x000000010250d000 	/Library/Java/JavaVirtualMachines/jdk-15.0.2.jdk/Contents/Home/lib/libjava.dylib
0x0000000102771000 	/Library/Java/JavaVirtualMachines/jdk-15.0.2.jdk/Contents/Home/lib/libnio.dylib
0x0000000102785000 	/Library/Java/JavaVirtualMachines/jdk-15.0.2.jdk/Contents/Home/lib/libnet.dylib
0x000000010279e000 	/Library/Java/JavaVirtualMachines/jdk-15.0.2.jdk/Contents/Home/lib/libzip.dylib


VM Arguments:
jvm_args: -Dfile.encoding=UTF-8 -XX:+ShowCodeDetailsInExceptionMessages 
java_command: oracle.jdbc.driver.JavaToJavaConverter$99
java_class_path (initial): /Users/luis/Documents/git-repositorio/ProgramacionInterfaces/29 - Conexion con Oracle/bin:/Users/luis/Documents/git-repositorio/ProgramacionInterfaces/29 - Conexion con Oracle/lib/ojdbc8.jar
Launcher Type: SUN_STANDARD

[Global flags]
     intx CICompilerCount                          = 3                                         {product} {ergonomic}
     uint ConcGCThreads                            = 1                                         {product} {ergonomic}
     uint G1ConcRefinementThreads                  = 4                                         {product} {ergonomic}
   size_t G1HeapRegionSize                         = 1048576                                   {product} {ergonomic}
    uintx GCDrainStackTargetSize                   = 64                                        {product} {ergonomic}
   size_t InitialHeapSize                          = 134217728                                 {product} {ergonomic}
   size_t MarkStackSize                            = 4194304                                   {product} {ergonomic}
   size_t MaxHeapSize                              = 2147483648                                {product} {ergonomic}
   size_t MaxNewSize                               = 1287651328                                {product} {ergonomic}
   size_t MinHeapDeltaBytes                        = 1048576                                   {product} {ergonomic}
   size_t MinHeapSize                              = 8388608                                   {product} {ergonomic}
    uintx NonNMethodCodeHeapSize                   = 5832780                                {pd product} {ergonomic}
    uintx NonProfiledCodeHeapSize                  = 122912730                              {pd product} {ergonomic}
    uintx ProfiledCodeHeapSize                     = 122912730                              {pd product} {ergonomic}
    uintx ReservedCodeCacheSize                    = 251658240                              {pd product} {ergonomic}
     bool SegmentedCodeCache                       = true                                      {product} {ergonomic}
     bool ShowCodeDetailsInExceptionMessages       = true                                   {manageable} {command line}
   size_t SoftMaxHeapSize                          = 2147483648                             {manageable} {ergonomic}
     bool UseCompressedClassPointers               = true                                 {lp64_product} {ergonomic}
     bool UseCompressedOops                        = true                                 {lp64_product} {ergonomic}
     bool UseG1GC                                  = true                                      {product} {ergonomic}
     bool UseNUMA                                  = false                                     {product} {ergonomic}
     bool UseNUMAInterleaving                      = false                                     {product} {ergonomic}

Logging:
Log output configuration:
 #0: stdout all=warning uptime,level,tags
 #1: stderr all=off uptime,level,tags

Environment Variables:
PATH=/usr/bin:/bin:/usr/sbin:/sbin
SHELL=/bin/zsh

Signal Handlers:
SIGSEGV: [libjvm.dylib+0x9ff2f0], sa_mask[0]=11111111011111110111111111111111, sa_flags=SA_ONSTACK|SA_RESTART|SA_SIGINFO
SIGBUS: [libjvm.dylib+0x9ff2f0], sa_mask[0]=11111111011111110111111111111111, sa_flags=SA_RESTART|SA_SIGINFO
SIGFPE: [libjvm.dylib+0x9ff2f0], sa_mask[0]=11111111011111110111111111111111, sa_flags=SA_RESTART|SA_SIGINFO
SIGPIPE: [libjvm.dylib+0x82ae30], sa_mask[0]=11111111011111110111111111111111, sa_flags=SA_RESTART|SA_SIGINFO
SIGXFSZ: [libjvm.dylib+0x82ae30], sa_mask[0]=11111111011111110111111111111111, sa_flags=SA_RESTART|SA_SIGINFO
SIGILL: [libjvm.dylib+0x9ff2f0], sa_mask[0]=11111111011111110111111111111111, sa_flags=SA_RESTART|SA_SIGINFO
SIGUSR2: [libjvm.dylib+0x82b940], sa_mask[0]=00100000000000000000000000000000, sa_flags=SA_RESTART|SA_SIGINFO
SIGHUP: [libjvm.dylib+0x82a040], sa_mask[0]=11111111011111110111111111111111, sa_flags=SA_RESTART|SA_SIGINFO
SIGINT: [libjvm.dylib+0x82a040], sa_mask[0]=11111111011111110111111111111111, sa_flags=SA_RESTART|SA_SIGINFO
SIGTERM: [libjvm.dylib+0x82a040], sa_mask[0]=11111111011111110111111111111111, sa_flags=SA_RESTART|SA_SIGINFO
SIGQUIT: [libjvm.dylib+0x82a040], sa_mask[0]=11111111011111110111111111111111, sa_flags=SA_RESTART|SA_SIGINFO


---------------  S Y S T E M  ---------------

OS:uname: Darwin 20.6.0 Darwin Kernel Version 20.6.0: Tue Oct 12 18:33:42 PDT 2021; root:xnu-7195.141.8~1/RELEASE_X86_64 x86_64
OS uptime: 6 days 0:18 hours
rlimit (soft/hard): STACK 8192k/65532k , CORE 0k/infinity , NPROC 1392/2088 , NOFILE 10240/infinity , AS infinity/infinity , CPU infinity/infinity , DATA infinity/infinity , FSIZE infinity/infinity , MEMLOCK infinity/infinity , RSS infinity/infinity
load average: 4.60 3.68 3.44

CPU: total 4 (initial active 4) (2 cores per cpu, 2 threads per core) family 6 model 69 stepping 1 microcode 0x26, cmov, cx8, fxsr, mmx, sse, sse2, sse3, ssse3, sse4.1, sse4.2, popcnt, vzeroupper, avx, avx2, aes, clmul, erms, lzcnt, ht, tsc, tscinvbit, bmi1, bmi2, fma, clflush

Memory: 4k page, physical 8388608k(97608k free), swap 2097152k(832256k free)

vm_info: Java HotSpot(TM) 64-Bit Server VM (15.0.2+7-27) for bsd-amd64 JRE (15.0.2+7-27), built on Dec  7 2020 20:08:32 by "mach5one" with clang 4.2.1 Compatible Apple LLVM 10.0.0 (clang-1000.11.45.5)

END.
